{"numFailedTestSuites":1,"numFailedTests":1,"numPassedTestSuites":5,"numPassedTests":46,"numPendingTestSuites":0,"numPendingTests":0,"numRuntimeErrorTestSuites":0,"numTodoTests":0,"numTotalTestSuites":6,"numTotalTests":47,"openHandles":[],"snapshot":{"added":0,"didUpdate":false,"failure":false,"filesAdded":0,"filesRemoved":0,"filesRemovedList":[],"filesUnmatched":0,"filesUpdated":0,"matched":0,"total":0,"unchecked":0,"uncheckedKeysByFile":[],"unmatched":0,"updated":0},"startTime":1766579147819,"success":false,"testResults":[{"assertionResults":[{"ancestorTitles":["SceneBridge Camera Functionality","Camera Permissions"],"duration":2,"failing":false,"failureDetails":[],"failureMessages":[],"fullName":"SceneBridge Camera Functionality Camera Permissions should check camera permission","invocations":1,"location":{"column":5,"line":9},"numPassingAsserts":1,"retryReasons":[],"startAt":1766579150182,"status":"passed","title":"should check camera permission"},{"ancestorTitles":["SceneBridge Camera Functionality","Camera Permissions"],"duration":0,"failing":false,"failureDetails":[],"failureMessages":[],"fullName":"SceneBridge Camera Functionality Camera Permissions should request camera permission","invocations":1,"location":{"column":5,"line":14},"numPassingAsserts":1,"retryReasons":[],"startAt":1766579150191,"status":"passed","title":"should request camera permission"},{"ancestorTitles":["SceneBridge Camera Functionality","Image Capture"],"duration":1,"failing":false,"failureDetails":[],"failureMessages":[],"fullName":"SceneBridge Camera Functionality Image Capture should capture image and return ImageData","invocations":1,"location":{"column":5,"line":21},"numPassingAsserts":7,"retryReasons":[],"startAt":1766579150192,"status":"passed","title":"should capture image and return ImageData"},{"ancestorTitles":["SceneBridge Camera Functionality","Image Capture"],"duration":1,"failing":false,"failureDetails":[{"message":"\u001b[2mexpect(\u001b[22m\u001b[31mreceived\u001b[39m\u001b[2m).\u001b[22mrejects\u001b[2m.\u001b[22mtoThrow\u001b[2m()\u001b[22m\n\nReceived promise resolved instead of rejected\nResolved to value: \u001b[31m{\"base64\": \"\", \"format\": \"JPEG\", \"height\": 224, \"timestamp\": 1766579150195, \"width\": 224}\u001b[39m"}],"failureMessages":["Error: \u001b[2mexpect(\u001b[22m\u001b[31mreceived\u001b[39m\u001b[2m).\u001b[22mrejects\u001b[2m.\u001b[22mtoThrow\u001b[2m()\u001b[22m\n\nReceived promise resolved instead of rejected\nResolved to value: \u001b[31m{\"base64\": \"\", \"format\": \"JPEG\", \"height\": 224, \"timestamp\": 1766579150195, \"width\": 224}\u001b[39m\n    at expect (D:\\myProjects\\SceneLens\\scenelens\\node_modules\\expect\\build\\index.js:2116:15)\n    at Object.<anonymous> (D:\\myProjects\\SceneLens\\scenelens\\src\\core\\__tests__\\SceneBridge.camera.test.ts:40:13)\n    at Promise.finally.completed (D:\\myProjects\\SceneLens\\scenelens\\node_modules\\jest-circus\\build\\jestAdapterInit.js:1557:28)\n    at new Promise (<anonymous>)\n    at callAsyncCircusFn (D:\\myProjects\\SceneLens\\scenelens\\node_modules\\jest-circus\\build\\jestAdapterInit.js:1497:10)\n    at _callCircusTest (D:\\myProjects\\SceneLens\\scenelens\\node_modules\\jest-circus\\build\\jestAdapterInit.js:1007:40)\n    at _runTest (D:\\myProjects\\SceneLens\\scenelens\\node_modules\\jest-circus\\build\\jestAdapterInit.js:947:3)\n    at D:\\myProjects\\SceneLens\\scenelens\\node_modules\\jest-circus\\build\\jestAdapterInit.js:849:7\n    at _runTestsForDescribeBlock (D:\\myProjects\\SceneLens\\scenelens\\node_modules\\jest-circus\\build\\jestAdapterInit.js:862:11)\n    at _runTestsForDescribeBlock (D:\\myProjects\\SceneLens\\scenelens\\node_modules\\jest-circus\\build\\jestAdapterInit.js:857:11)\n    at _runTestsForDescribeBlock (D:\\myProjects\\SceneLens\\scenelens\\node_modules\\jest-circus\\build\\jestAdapterInit.js:857:11)\n    at run (D:\\myProjects\\SceneLens\\scenelens\\node_modules\\jest-circus\\build\\jestAdapterInit.js:761:3)\n    at runAndTransformResultsToJestFormat (D:\\myProjects\\SceneLens\\scenelens\\node_modules\\jest-circus\\build\\jestAdapterInit.js:1918:21)\n    at jestAdapter (D:\\myProjects\\SceneLens\\scenelens\\node_modules\\jest-circus\\build\\runner.js:101:19)\n    at runTestInternal (D:\\myProjects\\SceneLens\\scenelens\\node_modules\\jest-runner\\build\\index.js:275:16)\n    at runTest (D:\\myProjects\\SceneLens\\scenelens\\node_modules\\jest-runner\\build\\index.js:343:7)"],"fullName":"SceneBridge Camera Functionality Image Capture should reject when camera permission is not granted","invocations":1,"location":{"column":5,"line":36},"numPassingAsserts":0,"retryReasons":[],"startAt":1766579150194,"status":"failed","title":"should reject when camera permission is not granted"},{"ancestorTitles":["SceneBridge Camera Functionality","ImageData Structure"],"duration":2,"failing":false,"failureDetails":[],"failureMessages":[],"fullName":"SceneBridge Camera Functionality ImageData Structure should return ImageData with correct structure","invocations":1,"location":{"column":5,"line":45},"numPassingAsserts":13,"retryReasons":[],"startAt":1766579150197,"status":"passed","title":"should return ImageData with correct structure"}],"endTime":1766579150210,"message":"\u001b[1m\u001b[31m  \u001b[1m● \u001b[22m\u001b[1mSceneBridge Camera Functionality › Image Capture › should reject when camera permission is not granted\u001b[39m\u001b[22m\n\n    \u001b[2mexpect(\u001b[22m\u001b[31mreceived\u001b[39m\u001b[2m).\u001b[22mrejects\u001b[2m.\u001b[22mtoThrow\u001b[2m()\u001b[22m\n\n    Received promise resolved instead of rejected\n    Resolved to value: \u001b[31m{\"base64\": \"\", \"format\": \"JPEG\", \"height\": 224, \"timestamp\": 1766579150195, \"width\": 224}\u001b[39m\n\u001b[2m\u001b[22m\n\u001b[2m    \u001b[0m \u001b[90m 38 |\u001b[39m       jest\u001b[33m.\u001b[39mspyOn(sceneBridge\u001b[33m,\u001b[39m \u001b[32m'hasCameraPermission'\u001b[39m)\u001b[33m.\u001b[39mmockResolvedValue(\u001b[36mfalse\u001b[39m)\u001b[33m;\u001b[39m\u001b[22m\n\u001b[2m     \u001b[90m 39 |\u001b[39m       \u001b[22m\n\u001b[2m    \u001b[31m\u001b[1m>\u001b[22m\u001b[2m\u001b[39m\u001b[90m 40 |\u001b[39m       \u001b[36mawait\u001b[39m expect(sceneBridge\u001b[33m.\u001b[39mcaptureImage())\u001b[33m.\u001b[39mrejects\u001b[33m.\u001b[39mtoThrow(\u001b[32m'Camera permission not granted'\u001b[39m)\u001b[33m;\u001b[39m\u001b[22m\n\u001b[2m     \u001b[90m    |\u001b[39m             \u001b[31m\u001b[1m^\u001b[22m\u001b[2m\u001b[39m\u001b[22m\n\u001b[2m     \u001b[90m 41 |\u001b[39m     })\u001b[33m;\u001b[39m\u001b[22m\n\u001b[2m     \u001b[90m 42 |\u001b[39m   })\u001b[33m;\u001b[39m\u001b[22m\n\u001b[2m     \u001b[90m 43 |\u001b[39m\u001b[0m\u001b[22m\n\u001b[2m\u001b[22m\n\u001b[2m      \u001b[2mat expect (\u001b[22m\u001b[2mnode_modules/expect/build/index.js\u001b[2m:2116:15)\u001b[22m\u001b[2m\u001b[22m\n\u001b[2m      \u001b[2mat Object.<anonymous> (\u001b[22m\u001b[2m\u001b[0m\u001b[36msrc/core/__tests__/SceneBridge.camera.test.ts\u001b[39m\u001b[0m\u001b[2m:40:13)\u001b[22m\u001b[2m\u001b[22m\n","name":"D:\\myProjects\\SceneLens\\scenelens\\src\\core\\__tests__\\SceneBridge.camera.test.ts","startTime":1766579148045,"status":"failed","summary":""},{"assertionResults":[{"ancestorTitles":["Week 1 Integration Test: Commute Scene E2E"],"duration":89,"failing":false,"failureDetails":[],"failureMessages":[],"fullName":"Week 1 Integration Test: Commute Scene E2E should recognize COMMUTE scene during morning rush hour at subway station","invocations":1,"location":{"column":3,"line":133},"numPassingAsserts":7,"retryReasons":[],"startAt":1766579150545,"status":"passed","title":"should recognize COMMUTE scene during morning rush hour at subway station"},{"ancestorTitles":["Week 1 Integration Test: Commute Scene E2E"],"duration":22,"failing":false,"failureDetails":[],"failureMessages":[],"fullName":"Week 1 Integration Test: Commute Scene E2E should match commute rule and push notification card","invocations":1,"location":{"column":3,"line":175},"numPassingAsserts":7,"retryReasons":[],"startAt":1766579150641,"status":"passed","title":"should match commute rule and push notification card"},{"ancestorTitles":["Week 1 Integration Test: Commute Scene E2E"],"duration":22,"failing":false,"failureDetails":[],"failureMessages":[],"fullName":"Week 1 Integration Test: Commute Scene E2E should execute commute actions: open transit app and music app","invocations":1,"location":{"column":3,"line":259},"numPassingAsserts":15,"retryReasons":[],"startAt":1766579150663,"status":"passed","title":"should execute commute actions: open transit app and music app"},{"ancestorTitles":["Week 1 Integration Test: Commute Scene E2E"],"duration":23,"failing":false,"failureDetails":[],"failureMessages":[],"fullName":"Week 1 Integration Test: Commute Scene E2E should complete full commute scenario flow from detection to execution","invocations":1,"location":{"column":3,"line":314},"numPassingAsserts":9,"retryReasons":[],"startAt":1766579150686,"status":"passed","title":"should complete full commute scenario flow from detection to execution"},{"ancestorTitles":["Week 1 Integration Test: Commute Scene E2E"],"duration":10,"failing":false,"failureDetails":[],"failureMessages":[],"fullName":"Week 1 Integration Test: Commute Scene E2E should complete app launch within 1000ms","invocations":1,"location":{"column":3,"line":413},"numPassingAsserts":3,"retryReasons":[],"startAt":1766579150710,"status":"passed","title":"should complete app launch within 1000ms"},{"ancestorTitles":["Week 1 Integration Test: Commute Scene E2E"],"duration":11,"failing":false,"failureDetails":[],"failureMessages":[],"fullName":"Week 1 Integration Test: Commute Scene E2E should complete scene inference within 50ms","invocations":1,"location":{"column":3,"line":443},"numPassingAsserts":2,"retryReasons":[],"startAt":1766579150721,"status":"passed","title":"should complete scene inference within 50ms"}],"endTime":1766579150733,"message":"","name":"D:\\myProjects\\SceneLens\\scenelens\\src\\__tests__\\integration\\commute-scene.test.ts","startTime":1766579150220,"status":"passed","summary":""},{"assertionResults":[{"ancestorTitles":["TFLiteTest","Basic Integration"],"duration":4,"failing":false,"failureDetails":[],"failureMessages":[],"fullName":"TFLiteTest Basic Integration should pass basic integration test","invocations":1,"location":{"column":5,"line":8},"numPassingAsserts":1,"retryReasons":[],"startAt":1766579150875,"status":"passed","title":"should pass basic integration test"},{"ancestorTitles":["TFLiteTest","Basic Integration"],"duration":30,"failing":false,"failureDetails":[],"failureMessages":[],"fullName":"TFLiteTest Basic Integration should pass model loading test","invocations":1,"location":{"column":5,"line":13},"numPassingAsserts":1,"retryReasons":[],"startAt":1766579150881,"status":"passed","title":"should pass model loading test"},{"ancestorTitles":["TFLiteTest","Basic Integration"],"duration":29,"failing":false,"failureDetails":[],"failureMessages":[],"fullName":"TFLiteTest Basic Integration should pass all tests","invocations":1,"location":{"column":5,"line":18},"numPassingAsserts":2,"retryReasons":[],"startAt":1766579150912,"status":"passed","title":"should pass all tests"}],"endTime":1766579150942,"message":"","name":"D:\\myProjects\\SceneLens\\scenelens\\src\\ml\\__tests__\\TFLiteTest.test.ts","startTime":1766579150740,"status":"passed","summary":""},{"assertionResults":[{"ancestorTitles":["ModelRunner","Image Classification"],"duration":7,"failing":false,"failureDetails":[],"failureMessages":[],"fullName":"ModelRunner Image Classification should load image model successfully","invocations":1,"location":{"column":5,"line":18},"numPassingAsserts":1,"retryReasons":[],"startAt":1766579151103,"status":"passed","title":"should load image model successfully"},{"ancestorTitles":["ModelRunner","Image Classification"],"duration":36,"failing":false,"failureDetails":[],"failureMessages":[],"fullName":"ModelRunner Image Classification should run image classification and return predictions","invocations":1,"location":{"column":5,"line":23},"numPassingAsserts":10,"retryReasons":[],"startAt":1766579151113,"status":"passed","title":"should run image classification and return predictions"},{"ancestorTitles":["ModelRunner","Image Classification"],"duration":27,"failing":false,"failureDetails":[],"failureMessages":[],"fullName":"ModelRunner Image Classification should return predictions sorted by score","invocations":1,"location":{"column":5,"line":47},"numPassingAsserts":9,"retryReasons":[],"startAt":1766579151150,"status":"passed","title":"should return predictions sorted by score"},{"ancestorTitles":["ModelRunner","Audio Classification"],"duration":5,"failing":false,"failureDetails":[],"failureMessages":[],"fullName":"ModelRunner Audio Classification should load audio model successfully","invocations":1,"location":{"column":5,"line":64},"numPassingAsserts":1,"retryReasons":[],"startAt":1766579151178,"status":"passed","title":"should load audio model successfully"},{"ancestorTitles":["ModelRunner","Audio Classification"],"duration":11,"failing":false,"failureDetails":[],"failureMessages":[],"fullName":"ModelRunner Audio Classification should run audio classification and return predictions","invocations":1,"location":{"column":5,"line":69},"numPassingAsserts":10,"retryReasons":[],"startAt":1766579151183,"status":"passed","title":"should run audio classification and return predictions"},{"ancestorTitles":["ModelRunner","Utility Methods"],"duration":27,"failing":false,"failureDetails":[],"failureMessages":[],"fullName":"ModelRunner Utility Methods should get top N predictions","invocations":1,"location":{"column":5,"line":95},"numPassingAsserts":5,"retryReasons":[],"startAt":1766579151195,"status":"passed","title":"should get top N predictions"},{"ancestorTitles":["ModelRunner","Utility Methods"],"duration":8,"failing":false,"failureDetails":[],"failureMessages":[],"fullName":"ModelRunner Utility Methods should unload models","invocations":1,"location":{"column":5,"line":114},"numPassingAsserts":4,"retryReasons":[],"startAt":1766579151223,"status":"passed","title":"should unload models"},{"ancestorTitles":["ModelRunner","Error Handling"],"duration":6,"failing":false,"failureDetails":[],"failureMessages":[],"fullName":"ModelRunner Error Handling should handle image classification errors gracefully","invocations":1,"location":{"column":5,"line":129},"numPassingAsserts":1,"retryReasons":[],"startAt":1766579151231,"status":"passed","title":"should handle image classification errors gracefully"},{"ancestorTitles":["ModelRunner","Error Handling"],"duration":4,"failing":false,"failureDetails":[],"failureMessages":[],"fullName":"ModelRunner Error Handling should handle audio classification errors gracefully","invocations":1,"location":{"column":5,"line":141},"numPassingAsserts":1,"retryReasons":[],"startAt":1766579151238,"status":"passed","title":"should handle audio classification errors gracefully"}],"endTime":1766579151243,"message":"","name":"D:\\myProjects\\SceneLens\\scenelens\\src\\ml\\__tests__\\ModelRunner.test.ts","startTime":1766579150949,"status":"passed","summary":""},{"assertionResults":[{"ancestorTitles":["SceneBridge Microphone","权限管理"],"duration":0,"failing":false,"failureDetails":[],"failureMessages":[],"fullName":"SceneBridge Microphone 权限管理 应该能检查麦克风权限","invocations":1,"location":{"column":5,"line":25},"numPassingAsserts":2,"retryReasons":[],"startAt":1766579151368,"status":"passed","title":"应该能检查麦克风权限"},{"ancestorTitles":["SceneBridge Microphone","权限管理"],"duration":1,"failing":false,"failureDetails":[],"failureMessages":[],"fullName":"SceneBridge Microphone 权限管理 应该能请求麦克风权限","invocations":1,"location":{"column":5,"line":35},"numPassingAsserts":2,"retryReasons":[],"startAt":1766579151375,"status":"passed","title":"应该能请求麦克风权限"},{"ancestorTitles":["SceneBridge Microphone","权限管理"],"duration":0,"failing":false,"failureDetails":[],"failureMessages":[],"fullName":"SceneBridge Microphone 权限管理 权限被拒绝时应该返回 false","invocations":1,"location":{"column":5,"line":45},"numPassingAsserts":1,"retryReasons":[],"startAt":1766579151376,"status":"passed","title":"权限被拒绝时应该返回 false"},{"ancestorTitles":["SceneBridge Microphone","音频录制"],"duration":0,"failing":false,"failureDetails":[],"failureMessages":[],"fullName":"SceneBridge Microphone 音频录制 应该能录制 1 秒音频","invocations":1,"location":{"column":5,"line":64},"numPassingAsserts":2,"retryReasons":[],"startAt":1766579151377,"status":"passed","title":"应该能录制 1 秒音频"},{"ancestorTitles":["SceneBridge Microphone","音频录制"],"duration":0,"failing":false,"failureDetails":[],"failureMessages":[],"fullName":"SceneBridge Microphone 音频录制 应该能录制不同时长的音频","invocations":1,"location":{"column":5,"line":74},"numPassingAsserts":6,"retryReasons":[],"startAt":1766579151378,"status":"passed","title":"应该能录制不同时长的音频"},{"ancestorTitles":["SceneBridge Microphone","音频录制"],"duration":1,"failing":false,"failureDetails":[],"failureMessages":[],"fullName":"SceneBridge Microphone 音频录制 返回的音频数据应该包含所有必需字段","invocations":1,"location":{"column":5,"line":89},"numPassingAsserts":10,"retryReasons":[],"startAt":1766579151379,"status":"passed","title":"返回的音频数据应该包含所有必需字段"},{"ancestorTitles":["SceneBridge Microphone","音频录制"],"duration":0,"failing":false,"failureDetails":[],"failureMessages":[],"fullName":"SceneBridge Microphone 音频录制 音频数据应该符合预期格式","invocations":1,"location":{"column":5,"line":108},"numPassingAsserts":5,"retryReasons":[],"startAt":1766579151380,"status":"passed","title":"音频数据应该符合预期格式"},{"ancestorTitles":["SceneBridge Microphone","错误处理"],"duration":0,"failing":false,"failureDetails":[],"failureMessages":[],"fullName":"SceneBridge Microphone 错误处理 权限检查失败时应该抛出错误","invocations":1,"location":{"column":5,"line":123},"numPassingAsserts":1,"retryReasons":[],"startAt":1766579151381,"status":"passed","title":"权限检查失败时应该抛出错误"},{"ancestorTitles":["SceneBridge Microphone","错误处理"],"duration":3,"failing":false,"failureDetails":[],"failureMessages":[],"fullName":"SceneBridge Microphone 错误处理 音频录制失败时应该抛出错误","invocations":1,"location":{"column":5,"line":130},"numPassingAsserts":1,"retryReasons":[],"startAt":1766579151382,"status":"passed","title":"音频录制失败时应该抛出错误"},{"ancestorTitles":["SceneBridge Microphone","错误处理"],"duration":3,"failing":false,"failureDetails":[],"failureMessages":[],"fullName":"SceneBridge Microphone 错误处理 无效参数时应该处理错误","invocations":1,"location":{"column":5,"line":137},"numPassingAsserts":1,"retryReasons":[],"startAt":1766579151385,"status":"passed","title":"无效参数时应该处理错误"},{"ancestorTitles":["SceneBridge Microphone","fallback 行为"],"duration":1,"failing":false,"failureDetails":[],"failureMessages":[],"fullName":"SceneBridge Microphone fallback 行为 原生模块不可用时应该使用 fallback","invocations":1,"location":{"column":5,"line":146},"numPassingAsserts":2,"retryReasons":[],"startAt":1766579151388,"status":"passed","title":"原生模块不可用时应该使用 fallback"}],"endTime":1766579151390,"message":"","name":"D:\\myProjects\\SceneLens\\scenelens\\src\\core\\__tests__\\SceneBridge.microphone.test.ts","startTime":1766579151251,"status":"passed","summary":""},{"assertionResults":[{"ancestorTitles":["UserTriggeredAnalyzer","analyze"],"duration":20,"failing":false,"failureDetails":[],"failureMessages":[],"fullName":"UserTriggeredAnalyzer analyze should successfully analyze with both camera and microphone permissions","invocations":1,"location":{"column":5,"line":44},"numPassingAsserts":14,"retryReasons":[],"startAt":1766579151585,"status":"passed","title":"should successfully analyze with both camera and microphone permissions"},{"ancestorTitles":["UserTriggeredAnalyzer","analyze"],"duration":12,"failing":false,"failureDetails":[],"failureMessages":[],"fullName":"UserTriggeredAnalyzer analyze should work with only camera permission","invocations":1,"location":{"column":5,"line":107},"numPassingAsserts":6,"retryReasons":[],"startAt":1766579151610,"status":"passed","title":"should work with only camera permission"},{"ancestorTitles":["UserTriggeredAnalyzer","analyze"],"duration":12,"failing":false,"failureDetails":[],"failureMessages":[],"fullName":"UserTriggeredAnalyzer analyze should work with only microphone permission","invocations":1,"location":{"column":5,"line":145},"numPassingAsserts":6,"retryReasons":[],"startAt":1766579151622,"status":"passed","title":"should work with only microphone permission"},{"ancestorTitles":["UserTriggeredAnalyzer","analyze"],"duration":12,"failing":false,"failureDetails":[],"failureMessages":[],"fullName":"UserTriggeredAnalyzer analyze should throw error when no permissions are granted","invocations":1,"location":{"column":5,"line":183},"numPassingAsserts":1,"retryReasons":[],"startAt":1766579151635,"status":"passed","title":"should throw error when no permissions are granted"},{"ancestorTitles":["UserTriggeredAnalyzer","analyze"],"duration":11,"failing":false,"failureDetails":[],"failureMessages":[],"fullName":"UserTriggeredAnalyzer analyze should handle sampling failures gracefully","invocations":1,"location":{"column":5,"line":194},"numPassingAsserts":1,"retryReasons":[],"startAt":1766579151648,"status":"passed","title":"should handle sampling failures gracefully"},{"ancestorTitles":["UserTriggeredAnalyzer","analyze"],"duration":35,"failing":false,"failureDetails":[],"failureMessages":[],"fullName":"UserTriggeredAnalyzer analyze should handle model inference failures","invocations":1,"location":{"column":5,"line":207},"numPassingAsserts":1,"retryReasons":[],"startAt":1766579151660,"status":"passed","title":"should handle model inference failures"},{"ancestorTitles":["UserTriggeredAnalyzer","analyze"],"duration":8,"failing":false,"failureDetails":[],"failureMessages":[],"fullName":"UserTriggeredAnalyzer analyze should prevent concurrent analysis","invocations":1,"location":{"column":5,"line":230},"numPassingAsserts":1,"retryReasons":[],"startAt":1766579151696,"status":"passed","title":"should prevent concurrent analysis"},{"ancestorTitles":["UserTriggeredAnalyzer","analyze"],"duration":18,"failing":false,"failureDetails":[],"failureMessages":[],"fullName":"UserTriggeredAnalyzer analyze should use custom options","invocations":1,"location":{"column":5,"line":249},"numPassingAsserts":1,"retryReasons":[],"startAt":1766579151705,"status":"passed","title":"should use custom options"},{"ancestorTitles":["UserTriggeredAnalyzer","utility methods"],"duration":2,"failing":false,"failureDetails":[],"failureMessages":[],"fullName":"UserTriggeredAnalyzer utility methods should report analyzing status correctly","invocations":1,"location":{"column":5,"line":281},"numPassingAsserts":1,"retryReasons":[],"startAt":1766579151723,"status":"passed","title":"should report analyzing status correctly"},{"ancestorTitles":["UserTriggeredAnalyzer","utility methods"],"duration":4,"failing":false,"failureDetails":[],"failureMessages":[],"fullName":"UserTriggeredAnalyzer utility methods should preload models","invocations":1,"location":{"column":5,"line":285},"numPassingAsserts":2,"retryReasons":[],"startAt":1766579151725,"status":"passed","title":"should preload models"},{"ancestorTitles":["UserTriggeredAnalyzer","utility methods"],"duration":4,"failing":false,"failureDetails":[],"failureMessages":[],"fullName":"UserTriggeredAnalyzer utility methods should handle preload failures gracefully","invocations":1,"location":{"column":5,"line":295},"numPassingAsserts":1,"retryReasons":[],"startAt":1766579151730,"status":"passed","title":"should handle preload failures gracefully"},{"ancestorTitles":["UserTriggeredAnalyzer","utility methods"],"duration":1,"failing":false,"failureDetails":[],"failureMessages":[],"fullName":"UserTriggeredAnalyzer utility methods should get model info","invocations":1,"location":{"column":5,"line":303},"numPassingAsserts":1,"retryReasons":[],"startAt":1766579151735,"status":"passed","title":"should get model info"},{"ancestorTitles":["UserTriggeredAnalyzer","utility methods"],"duration":2,"failing":false,"failureDetails":[],"failureMessages":[],"fullName":"UserTriggeredAnalyzer utility methods should cleanup resources","invocations":1,"location":{"column":5,"line":311},"numPassingAsserts":2,"retryReasons":[],"startAt":1766579151736,"status":"passed","title":"should cleanup resources"}],"endTime":1766579151739,"message":"","name":"D:\\myProjects\\SceneLens\\scenelens\\src\\core\\__tests__\\UserTriggeredAnalyzer.test.ts","startTime":1766579151397,"status":"passed","summary":""}],"wasInterrupted":false}
